c:\users\trodgers\source\repos\mupdf-converter\mupdflib\debug\mupdfclasscallers.obj
c:\users\trodgers\source\repos\mupdf-converter\mupdflib\debug\mupdfclass.obj
c:\users\trodgers\source\repos\mupdf-converter\mupdflib\debug\vc141.pdb
c:\users\trodgers\source\repos\mupdf-converter\mupdflib\debug\mupdflib-x64.ilk
c:\users\trodgers\source\repos\mupdf-converter\mupdflib\debug\mupdflib-x64.dll
c:\users\trodgers\source\repos\mupdf-converter\mupdflib\debug\mupdflib-x64.pdb
c:\users\trodgers\source\repos\mupdf-converter\mupdflib\debug\mupdflib-x64.lib
c:\users\trodgers\source\repos\mupdf-converter\mupdflib\debug\mupdflib-x64.exp
c:\users\trodgers\source\repos\mupdf-converter\mupdflib\debug\version.res
c:\users\trodgers\source\repos\mupdf-converter\mupdflib\debug\vc141.idb
c:\users\trodgers\source\repos\mupdf-converter\mupdflib\debug\mupdflib.tlog\cl.19696.write.1.tlog
c:\users\trodgers\source\repos\mupdf-converter\mupdflib\debug\mupdflib.tlog\cl.command.1.tlog
c:\users\trodgers\source\repos\mupdf-converter\mupdflib\debug\mupdflib.tlog\cl.read.1.tlog
c:\users\trodgers\source\repos\mupdf-converter\mupdflib\debug\mupdflib.tlog\link.command.1.tlog
c:\users\trodgers\source\repos\mupdf-converter\mupdflib\debug\mupdflib.tlog\link.read.1.tlog
c:\users\trodgers\source\repos\mupdf-converter\mupdflib\debug\mupdflib.tlog\link.write.1.tlog
c:\users\trodgers\source\repos\mupdf-converter\mupdflib\debug\mupdflib.tlog\mupdflib.write.1u.tlog
c:\users\trodgers\source\repos\mupdf-converter\mupdflib\debug\mupdflib.tlog\rc.command.1.tlog
c:\users\trodgers\source\repos\mupdf-converter\mupdflib\debug\mupdflib.tlog\rc.read.1.tlog
c:\users\trodgers\source\repos\mupdf-converter\mupdflib\debug\mupdflib.tlog\rc.write.1.tlog
